[debug] [2020-04-16T07:51:02.474Z] ----------------------------------------------------------------------
[debug] [2020-04-16T07:51:02.476Z] Command:       /Users/takamihiroshi/.nodebrew/node/v12.16.1/bin/node /Users/takamihiroshi/.nodebrew/current/bin/firebase deploy --only functions:gitHook
[debug] [2020-04-16T07:51:02.476Z] CLI Version:   8.0.3
[debug] [2020-04-16T07:51:02.476Z] Platform:      darwin
[debug] [2020-04-16T07:51:02.476Z] Node Version:  v12.16.1
[debug] [2020-04-16T07:51:02.478Z] Time:          Thu Apr 16 2020 16:51:02 GMT+0900 (GMT+09:00)
[debug] [2020-04-16T07:51:02.478Z] ----------------------------------------------------------------------
[debug] [2020-04-16T07:51:02.478Z] 
[debug] [2020-04-16T07:51:02.489Z] > command requires scopes: ["email","openid","https://www.googleapis.com/auth/cloudplatformprojects.readonly","https://www.googleapis.com/auth/firebase","https://www.googleapis.com/auth/cloud-platform"]
[debug] [2020-04-16T07:51:02.490Z] > authorizing via signed-in user
[debug] [2020-04-16T07:51:02.490Z] [iam] checking project gitpet-297a5 for permissions ["cloudfunctions.functions.create","cloudfunctions.functions.delete","cloudfunctions.functions.get","cloudfunctions.functions.list","cloudfunctions.functions.update","cloudfunctions.operations.get","firebase.projects.get"]
[debug] [2020-04-16T07:51:02.492Z] >>> HTTP REQUEST POST https://cloudresourcemanager.googleapis.com/v1/projects/gitpet-297a5:testIamPermissions  
 {"permissions":["cloudfunctions.functions.create","cloudfunctions.functions.delete","cloudfunctions.functions.get","cloudfunctions.functions.list","cloudfunctions.functions.update","cloudfunctions.operations.get","firebase.projects.get"]}
[debug] [2020-04-16T07:51:03.474Z] <<< HTTP RESPONSE 200 {"content-type":"application/json; charset=UTF-8","vary":"X-Origin, Referer, Origin,Accept-Encoding","date":"Thu, 16 Apr 2020 07:51:04 GMT","server":"ESF","cache-control":"private","x-xss-protection":"0","x-frame-options":"SAMEORIGIN","x-content-type-options":"nosniff","server-timing":"gfet4t7; dur=655","alt-svc":"quic=\":443\"; ma=2592000; v=\"46,43\",h3-Q050=\":443\"; ma=2592000,h3-Q049=\":443\"; ma=2592000,h3-Q048=\":443\"; ma=2592000,h3-Q046=\":443\"; ma=2592000,h3-Q043=\":443\"; ma=2592000,h3-T050=\":443\"; ma=2592000","accept-ranges":"none","transfer-encoding":"chunked"}
[debug] [2020-04-16T07:51:03.476Z] >>> HTTP REQUEST POST https://iam.googleapis.com/v1/projects/gitpet-297a5/serviceAccounts/gitpet-297a5@appspot.gserviceaccount.com:testIamPermissions  
 {"permissions":["iam.serviceAccounts.actAs"]}
[debug] [2020-04-16T07:51:04.271Z] <<< HTTP RESPONSE 200 {"content-type":"application/json; charset=UTF-8","vary":"X-Origin, Referer, Origin,Accept-Encoding","date":"Thu, 16 Apr 2020 07:51:05 GMT","server":"ESF","cache-control":"private","x-xss-protection":"0","x-frame-options":"SAMEORIGIN","x-content-type-options":"nosniff","alt-svc":"quic=\":443\"; ma=2592000; v=\"46,43\",h3-Q050=\":443\"; ma=2592000,h3-Q049=\":443\"; ma=2592000,h3-Q048=\":443\"; ma=2592000,h3-Q046=\":443\"; ma=2592000,h3-Q043=\":443\"; ma=2592000,h3-T050=\":443\"; ma=2592000","accept-ranges":"none","transfer-encoding":"chunked"}
[info] 
[info] === Deploying to 'gitpet-297a5'...
[info] 
[info] i  deploying functions
[info] Running command: npm --prefix "$RESOURCE_DIR" run lint
[info] Running command: npm --prefix "$RESOURCE_DIR" run build
[info] ✔  functions: Finished running predeploy script.
[debug] [2020-04-16T07:51:12.527Z] > [functions] package.json contents: {
  "name": "functions",
  "scripts": {
    "lint": "tslint --project tsconfig.json",
    "build": "tsc",
    "serve": "npm run build && firebase emulators:start --only functions",
    "shell": "npm run build && firebase functions:shell",
    "start": "npm run shell",
    "deploy": "firebase deploy --only functions",
    "logs": "firebase functions:log"
  },
  "engines": {
    "node": "8"
  },
  "main": "lib/index.js",
  "dependencies": {
    "firebase-admin": "^8.9.0",
    "firebase-functions": "^3.3.0"
  },
  "devDependencies": {
    "tslint": "^5.12.0",
    "typescript": "^3.2.2",
    "firebase-functions-test": "^0.1.6"
  },
  "private": true
}
[info] i  functions: ensuring necessary APIs are enabled...
[debug] [2020-04-16T07:51:12.528Z] >>> HTTP REQUEST GET https://serviceusage.googleapis.com/v1/projects/gitpet-297a5/services/cloudfunctions.googleapis.com  
 
[debug] [2020-04-16T07:51:12.529Z] >>> HTTP REQUEST GET https://serviceusage.googleapis.com/v1/projects/gitpet-297a5/services/runtimeconfig.googleapis.com  
 
[debug] [2020-04-16T07:51:13.839Z] <<< HTTP RESPONSE 200 {"content-type":"application/json; charset=UTF-8","vary":"X-Origin, Referer, Origin,Accept-Encoding","date":"Thu, 16 Apr 2020 07:51:14 GMT","server":"ESF","cache-control":"private","x-xss-protection":"0","x-frame-options":"SAMEORIGIN","x-content-type-options":"nosniff","alt-svc":"quic=\":443\"; ma=2592000; v=\"46,43\",h3-Q050=\":443\"; ma=2592000,h3-Q049=\":443\"; ma=2592000,h3-Q048=\":443\"; ma=2592000,h3-Q046=\":443\"; ma=2592000,h3-Q043=\":443\"; ma=2592000,h3-T050=\":443\"; ma=2592000","accept-ranges":"none","transfer-encoding":"chunked"}
[debug] [2020-04-16T07:51:13.907Z] <<< HTTP RESPONSE 200 {"content-type":"application/json; charset=UTF-8","vary":"X-Origin, Referer, Origin,Accept-Encoding","date":"Thu, 16 Apr 2020 07:51:14 GMT","server":"ESF","cache-control":"private","x-xss-protection":"0","x-frame-options":"SAMEORIGIN","x-content-type-options":"nosniff","alt-svc":"quic=\":443\"; ma=2592000; v=\"46,43\",h3-Q050=\":443\"; ma=2592000,h3-Q049=\":443\"; ma=2592000,h3-Q048=\":443\"; ma=2592000,h3-Q046=\":443\"; ma=2592000,h3-Q043=\":443\"; ma=2592000,h3-T050=\":443\"; ma=2592000","accept-ranges":"none","transfer-encoding":"chunked"}
[info] ✔  functions: all necessary APIs are enabled
[debug] [2020-04-16T07:51:13.909Z] >>> HTTP REQUEST GET https://firebase.googleapis.com/v1beta1/projects/gitpet-297a5/adminSdkConfig  
 
[debug] [2020-04-16T07:51:14.614Z] <<< HTTP RESPONSE 200 {"content-type":"application/json; charset=UTF-8","vary":"X-Origin, Referer, Origin,Accept-Encoding","date":"Thu, 16 Apr 2020 07:51:15 GMT","server":"ESF","cache-control":"private","x-xss-protection":"0","x-frame-options":"SAMEORIGIN","x-content-type-options":"nosniff","alt-svc":"quic=\":443\"; ma=2592000; v=\"46,43\",h3-Q050=\":443\"; ma=2592000,h3-Q049=\":443\"; ma=2592000,h3-Q048=\":443\"; ma=2592000,h3-Q046=\":443\"; ma=2592000,h3-Q043=\":443\"; ma=2592000,h3-T050=\":443\"; ma=2592000","accept-ranges":"none","transfer-encoding":"chunked"}
[info] i  functions: preparing functions directory for uploading...
[debug] [2020-04-16T07:51:14.617Z] >>> HTTP REQUEST GET https://runtimeconfig.googleapis.com/v1beta1/projects/gitpet-297a5/configs  
 
[debug] [2020-04-16T07:51:15.228Z] <<< HTTP RESPONSE 200 {"content-type":"application/json; charset=UTF-8","vary":"X-Origin, Referer, Origin,Accept-Encoding","date":"Thu, 16 Apr 2020 07:51:16 GMT","server":"ESF","cache-control":"private","x-xss-protection":"0","x-frame-options":"SAMEORIGIN","x-content-type-options":"nosniff","alt-svc":"quic=\":443\"; ma=2592000; v=\"46,43\",h3-Q050=\":443\"; ma=2592000,h3-Q049=\":443\"; ma=2592000,h3-Q048=\":443\"; ma=2592000,h3-Q046=\":443\"; ma=2592000,h3-Q043=\":443\"; ma=2592000,h3-T050=\":443\"; ma=2592000","accept-ranges":"none","transfer-encoding":"chunked"}
[info] i  functions: packaged functions (36.58 KB) for uploading
[debug] [2020-04-16T07:51:15.559Z] >>> HTTP REQUEST GET https://cloudfunctions.googleapis.com/v1/projects/gitpet-297a5/locations/-/functions  
 
[debug] [2020-04-16T07:51:16.356Z] <<< HTTP RESPONSE 200 {"content-type":"application/json; charset=UTF-8","vary":"X-Origin, Referer, Origin,Accept-Encoding","date":"Thu, 16 Apr 2020 07:51:17 GMT","server":"ESF","cache-control":"private","x-xss-protection":"0","x-frame-options":"SAMEORIGIN","x-content-type-options":"nosniff","alt-svc":"quic=\":443\"; ma=2592000; v=\"46,43\",h3-Q050=\":443\"; ma=2592000,h3-Q049=\":443\"; ma=2592000,h3-Q048=\":443\"; ma=2592000,h3-Q046=\":443\"; ma=2592000,h3-Q043=\":443\"; ma=2592000,h3-T050=\":443\"; ma=2592000","accept-ranges":"none","transfer-encoding":"chunked"}
[debug] [2020-04-16T07:51:16.361Z] >>> HTTP REQUEST POST https://cloudfunctions.googleapis.com/v1/projects/gitpet-297a5/locations/us-central1/functions:generateUploadUrl  
 
[debug] [2020-04-16T07:51:17.377Z] <<< HTTP RESPONSE 200 {"content-type":"application/json; charset=UTF-8","vary":"X-Origin, Referer, Origin,Accept-Encoding","date":"Thu, 16 Apr 2020 07:51:18 GMT","server":"ESF","cache-control":"private","x-xss-protection":"0","x-frame-options":"SAMEORIGIN","x-content-type-options":"nosniff","alt-svc":"quic=\":443\"; ma=2592000; v=\"46,43\",h3-Q050=\":443\"; ma=2592000,h3-Q049=\":443\"; ma=2592000,h3-Q048=\":443\"; ma=2592000,h3-Q046=\":443\"; ma=2592000,h3-Q043=\":443\"; ma=2592000,h3-T050=\":443\"; ma=2592000","accept-ranges":"none","transfer-encoding":"chunked"}
[debug] [2020-04-16T07:51:17.377Z] >>> HTTP REQUEST PUT https://storage.googleapis.com/gcf-upload-us-central1-fe6bf1d5-c95b-45a4-9ac9-f4d183fc354e/a1d4303c-720a-4121-ab53-9c882d276676.zip?GoogleAccessId=service-618021870691@gcf-admin-robot.iam.gserviceaccount.com&Expires=1587025278&Signature=THzXhND5nGroLDSXgwaKYwWQawxKtxileYV2MDcobm1ulk6ijw5e3nu9tjVfxCy9%2BY7N1yNHABs18EBUdVO1o3fhSsCziO7pEedilwALf7wLb8wyF2uarkL2w%2Fc3d1EXuOBqy61Cwsgs%2FWtjYwbhUsQYmkoq%2FlwRXTYEL%2Fdkd3%2BYsyaRn%2B%2F0ckmlhgdvMqoexlb8jZQj9nCzXTxlv4IuaNvzK2SVjwLGvIQ2YJGOoevsj%2BnYvVGVWou4mt%2F0wPCZWrwxuXDV6lLUcltYl2LlTEgCnb7VVK68v0NvlDZh3YSuRWH%2BRe3valYeVt3YyZY3vx0aK9nOLQHpjysH0YYMDQ%3D%3D  
 <request body omitted>
[debug] [2020-04-16T07:51:18.219Z] <<< HTTP RESPONSE 200 {"x-guploader-uploadid":"AEnB2UoXjHg8BMcVACFgkWTLI3DIEA42ridQVUhRBIA8h_Md1e0a3G1EMaX7OG33a4Ovx1vDf6v8ndSB6KmBFEcHywNEihQwEg","etag":"\"3ec0a4aa6a4723a4f54ce16715d2d4b4\"","x-goog-generation":"1587023479152446","x-goog-metageneration":"1","x-goog-hash":"crc32c=g8McvQ==, md5=PsCkqmpHI6T1TOFnFdLUtA==","x-goog-stored-content-length":"37453","x-goog-stored-content-encoding":"identity","vary":"Origin","content-length":"0","date":"Thu, 16 Apr 2020 07:51:19 GMT","server":"UploadServer","content-type":"text/html; charset=UTF-8","alt-svc":"quic=\":443\"; ma=2592000; v=\"46,43\",h3-Q050=\":443\"; ma=2592000,h3-Q049=\":443\"; ma=2592000,h3-Q048=\":443\"; ma=2592000,h3-Q046=\":443\"; ma=2592000,h3-Q043=\":443\"; ma=2592000,h3-T050=\":443\"; ma=2592000"}
[info] ✔  functions: functions folder uploaded successfully
[debug] [2020-04-16T07:51:18.221Z] > [functions] filtering triggers to: [
  "projects/gitpet-297a5/locations/asia-northeast1/functions/gitHook"
]
[info] i  functions: current functions in project: gitHook(asia-northeast1)
[info] i  functions: uploading functions in project: gitHook(asia-northeast1)
[info] i  functions: updating Node.js 8 function gitHook(asia-northeast1)...
[debug] [2020-04-16T07:51:18.225Z] Trigger is:  {"httpsTrigger":{}}
[debug] [2020-04-16T07:51:18.226Z] >>> HTTP REQUEST GET https://serviceusage.googleapis.com/v1/projects/gitpet-297a5/services/cloudscheduler.googleapis.com  
 
[debug] [2020-04-16T07:51:19.324Z] <<< HTTP RESPONSE 200 {"content-type":"application/json; charset=UTF-8","vary":"X-Origin, Referer, Origin,Accept-Encoding","date":"Thu, 16 Apr 2020 07:51:20 GMT","server":"ESF","cache-control":"private","x-xss-protection":"0","x-frame-options":"SAMEORIGIN","x-content-type-options":"nosniff","alt-svc":"quic=\":443\"; ma=2592000; v=\"46,43\",h3-Q050=\":443\"; ma=2592000,h3-Q049=\":443\"; ma=2592000,h3-Q048=\":443\"; ma=2592000,h3-Q046=\":443\"; ma=2592000,h3-Q043=\":443\"; ma=2592000,h3-T050=\":443\"; ma=2592000","accept-ranges":"none","transfer-encoding":"chunked"}
[debug] [2020-04-16T07:51:19.327Z] >>> HTTP REQUEST PATCH https://cloudfunctions.googleapis.com/v1/projects/gitpet-297a5/locations/asia-northeast1/functions/gitHook {"updateMask":"sourceUploadUrl,name,labels,runtime,httpsTrigger"} 
 {"sourceUploadUrl":"https://storage.googleapis.com/gcf-upload-us-central1-fe6bf1d5-c95b-45a4-9ac9-f4d183fc354e/a1d4303c-720a-4121-ab53-9c882d276676.zip?GoogleAccessId=service-618021870691@gcf-admin-robot.iam.gserviceaccount.com&Expires=1587025278&Signature=THzXhND5nGroLDSXgwaKYwWQawxKtxileYV2MDcobm1ulk6ijw5e3nu9tjVfxCy9%2BY7N1yNHABs18EBUdVO1o3fhSsCziO7pEedilwALf7wLb8wyF2uarkL2w%2Fc3d1EXuOBqy61Cwsgs%2FWtjYwbhUsQYmkoq%2FlwRXTYEL%2Fdkd3%2BYsyaRn%2B%2F0ckmlhgdvMqoexlb8jZQj9nCzXTxlv4IuaNvzK2SVjwLGvIQ2YJGOoevsj%2BnYvVGVWou4mt%2F0wPCZWrwxuXDV6lLUcltYl2LlTEgCnb7VVK68v0NvlDZh3YSuRWH%2BRe3valYeVt3YyZY3vx0aK9nOLQHpjysH0YYMDQ%3D%3D","name":"projects/gitpet-297a5/locations/asia-northeast1/functions/gitHook","labels":{"deployment-tool":"cli-firebase"},"httpsTrigger":{},"runtime":"nodejs8"}
[debug] [2020-04-16T07:51:19.836Z] <<< HTTP RESPONSE 200 {"content-type":"application/json; charset=UTF-8","vary":"X-Origin, Referer, Origin,Accept-Encoding","date":"Thu, 16 Apr 2020 07:51:20 GMT","server":"ESF","cache-control":"private","x-xss-protection":"0","x-frame-options":"SAMEORIGIN","x-content-type-options":"nosniff","alt-svc":"quic=\":443\"; ma=2592000; v=\"46,43\",h3-Q050=\":443\"; ma=2592000,h3-Q049=\":443\"; ma=2592000,h3-Q048=\":443\"; ma=2592000,h3-Q046=\":443\"; ma=2592000,h3-Q043=\":443\"; ma=2592000,h3-T050=\":443\"; ma=2592000","accept-ranges":"none","transfer-encoding":"chunked"}
[debug] [2020-04-16T07:51:19.838Z] >>> HTTP REQUEST GET https://cloudfunctions.googleapis.com/v1/projects/gitpet-297a5/locations/-/functions  
 
[debug] [2020-04-16T07:51:20.452Z] <<< HTTP RESPONSE 200 {"content-type":"application/json; charset=UTF-8","vary":"X-Origin, Referer, Origin,Accept-Encoding","date":"Thu, 16 Apr 2020 07:51:21 GMT","server":"ESF","cache-control":"private","x-xss-protection":"0","x-frame-options":"SAMEORIGIN","x-content-type-options":"nosniff","alt-svc":"quic=\":443\"; ma=2592000; v=\"46,43\",h3-Q050=\":443\"; ma=2592000,h3-Q049=\":443\"; ma=2592000,h3-Q048=\":443\"; ma=2592000,h3-Q046=\":443\"; ma=2592000,h3-Q043=\":443\"; ma=2592000,h3-T050=\":443\"; ma=2592000","accept-ranges":"none","transfer-encoding":"chunked"}
[debug] [2020-04-16T07:51:20.453Z] >>> HTTP REQUEST GET https://cloudfunctions.googleapis.com/v1/operations/Z2l0cGV0LTI5N2E1L2FzaWEtbm9ydGhlYXN0MS9naXRIb29rLzNGT0Z5Q2p0M05R  
 
[debug] [2020-04-16T07:51:20.859Z] <<< HTTP RESPONSE 200 {"content-type":"application/json; charset=UTF-8","vary":"X-Origin, Referer, Origin,Accept-Encoding","date":"Thu, 16 Apr 2020 07:51:21 GMT","server":"ESF","cache-control":"private","x-xss-protection":"0","x-frame-options":"SAMEORIGIN","x-content-type-options":"nosniff","alt-svc":"quic=\":443\"; ma=2592000; v=\"46,43\",h3-Q050=\":443\"; ma=2592000,h3-Q049=\":443\"; ma=2592000,h3-Q048=\":443\"; ma=2592000,h3-Q046=\":443\"; ma=2592000,h3-Q043=\":443\"; ma=2592000,h3-T050=\":443\"; ma=2592000","accept-ranges":"none","transfer-encoding":"chunked"}
[debug] [2020-04-16T07:51:22.862Z] >>> HTTP REQUEST GET https://cloudfunctions.googleapis.com/v1/operations/Z2l0cGV0LTI5N2E1L2FzaWEtbm9ydGhlYXN0MS9naXRIb29rLzNGT0Z5Q2p0M05R  
 
[debug] [2020-04-16T07:51:23.214Z] <<< HTTP RESPONSE 200 {"content-type":"application/json; charset=UTF-8","vary":"X-Origin, Referer, Origin,Accept-Encoding","date":"Thu, 16 Apr 2020 07:51:24 GMT","server":"ESF","cache-control":"private","x-xss-protection":"0","x-frame-options":"SAMEORIGIN","x-content-type-options":"nosniff","alt-svc":"quic=\":443\"; ma=2592000; v=\"46,43\",h3-Q050=\":443\"; ma=2592000,h3-Q049=\":443\"; ma=2592000,h3-Q048=\":443\"; ma=2592000,h3-Q046=\":443\"; ma=2592000,h3-Q043=\":443\"; ma=2592000,h3-T050=\":443\"; ma=2592000","accept-ranges":"none","transfer-encoding":"chunked"}
[debug] [2020-04-16T07:51:25.221Z] >>> HTTP REQUEST GET https://cloudfunctions.googleapis.com/v1/operations/Z2l0cGV0LTI5N2E1L2FzaWEtbm9ydGhlYXN0MS9naXRIb29rLzNGT0Z5Q2p0M05R  
 
[debug] [2020-04-16T07:51:25.467Z] <<< HTTP RESPONSE 200 {"content-type":"application/json; charset=UTF-8","vary":"X-Origin, Referer, Origin,Accept-Encoding","date":"Thu, 16 Apr 2020 07:51:26 GMT","server":"ESF","cache-control":"private","x-xss-protection":"0","x-frame-options":"SAMEORIGIN","x-content-type-options":"nosniff","alt-svc":"quic=\":443\"; ma=2592000; v=\"46,43\",h3-Q050=\":443\"; ma=2592000,h3-Q049=\":443\"; ma=2592000,h3-Q048=\":443\"; ma=2592000,h3-Q046=\":443\"; ma=2592000,h3-Q043=\":443\"; ma=2592000,h3-T050=\":443\"; ma=2592000","accept-ranges":"none","transfer-encoding":"chunked"}
[debug] [2020-04-16T07:51:27.471Z] >>> HTTP REQUEST GET https://cloudfunctions.googleapis.com/v1/operations/Z2l0cGV0LTI5N2E1L2FzaWEtbm9ydGhlYXN0MS9naXRIb29rLzNGT0Z5Q2p0M05R  
 
[debug] [2020-04-16T07:51:27.717Z] <<< HTTP RESPONSE 200 {"content-type":"application/json; charset=UTF-8","vary":"X-Origin, Referer, Origin,Accept-Encoding","date":"Thu, 16 Apr 2020 07:51:28 GMT","server":"ESF","cache-control":"private","x-xss-protection":"0","x-frame-options":"SAMEORIGIN","x-content-type-options":"nosniff","alt-svc":"quic=\":443\"; ma=2592000; v=\"46,43\",h3-Q050=\":443\"; ma=2592000,h3-Q049=\":443\"; ma=2592000,h3-Q048=\":443\"; ma=2592000,h3-Q046=\":443\"; ma=2592000,h3-Q043=\":443\"; ma=2592000,h3-T050=\":443\"; ma=2592000","accept-ranges":"none","transfer-encoding":"chunked"}
[debug] [2020-04-16T07:51:29.721Z] >>> HTTP REQUEST GET https://cloudfunctions.googleapis.com/v1/operations/Z2l0cGV0LTI5N2E1L2FzaWEtbm9ydGhlYXN0MS9naXRIb29rLzNGT0Z5Q2p0M05R  
 
[debug] [2020-04-16T07:51:29.977Z] <<< HTTP RESPONSE 200 {"content-type":"application/json; charset=UTF-8","vary":"X-Origin, Referer, Origin,Accept-Encoding","date":"Thu, 16 Apr 2020 07:51:30 GMT","server":"ESF","cache-control":"private","x-xss-protection":"0","x-frame-options":"SAMEORIGIN","x-content-type-options":"nosniff","alt-svc":"quic=\":443\"; ma=2592000; v=\"46,43\",h3-Q050=\":443\"; ma=2592000,h3-Q049=\":443\"; ma=2592000,h3-Q048=\":443\"; ma=2592000,h3-Q046=\":443\"; ma=2592000,h3-Q043=\":443\"; ma=2592000,h3-T050=\":443\"; ma=2592000","accept-ranges":"none","transfer-encoding":"chunked"}
[debug] [2020-04-16T07:51:31.983Z] >>> HTTP REQUEST GET https://cloudfunctions.googleapis.com/v1/operations/Z2l0cGV0LTI5N2E1L2FzaWEtbm9ydGhlYXN0MS9naXRIb29rLzNGT0Z5Q2p0M05R  
 
[debug] [2020-04-16T07:51:32.240Z] <<< HTTP RESPONSE 200 {"content-type":"application/json; charset=UTF-8","vary":"X-Origin, Referer, Origin,Accept-Encoding","date":"Thu, 16 Apr 2020 07:51:33 GMT","server":"ESF","cache-control":"private","x-xss-protection":"0","x-frame-options":"SAMEORIGIN","x-content-type-options":"nosniff","alt-svc":"quic=\":443\"; ma=2592000; v=\"46,43\",h3-Q050=\":443\"; ma=2592000,h3-Q049=\":443\"; ma=2592000,h3-Q048=\":443\"; ma=2592000,h3-Q046=\":443\"; ma=2592000,h3-Q043=\":443\"; ma=2592000,h3-T050=\":443\"; ma=2592000","accept-ranges":"none","transfer-encoding":"chunked"}
[debug] [2020-04-16T07:51:34.243Z] >>> HTTP REQUEST GET https://cloudfunctions.googleapis.com/v1/operations/Z2l0cGV0LTI5N2E1L2FzaWEtbm9ydGhlYXN0MS9naXRIb29rLzNGT0Z5Q2p0M05R  
 
[debug] [2020-04-16T07:51:34.503Z] <<< HTTP RESPONSE 200 {"content-type":"application/json; charset=UTF-8","vary":"X-Origin, Referer, Origin,Accept-Encoding","date":"Thu, 16 Apr 2020 07:51:35 GMT","server":"ESF","cache-control":"private","x-xss-protection":"0","x-frame-options":"SAMEORIGIN","x-content-type-options":"nosniff","alt-svc":"quic=\":443\"; ma=2592000; v=\"46,43\",h3-Q050=\":443\"; ma=2592000,h3-Q049=\":443\"; ma=2592000,h3-Q048=\":443\"; ma=2592000,h3-Q046=\":443\"; ma=2592000,h3-Q043=\":443\"; ma=2592000,h3-T050=\":443\"; ma=2592000","accept-ranges":"none","transfer-encoding":"chunked"}
[debug] [2020-04-16T07:51:36.504Z] >>> HTTP REQUEST GET https://cloudfunctions.googleapis.com/v1/operations/Z2l0cGV0LTI5N2E1L2FzaWEtbm9ydGhlYXN0MS9naXRIb29rLzNGT0Z5Q2p0M05R  
 
[debug] [2020-04-16T07:51:36.804Z] <<< HTTP RESPONSE 200 {"content-type":"application/json; charset=UTF-8","vary":"X-Origin, Referer, Origin,Accept-Encoding","date":"Thu, 16 Apr 2020 07:51:37 GMT","server":"ESF","cache-control":"private","x-xss-protection":"0","x-frame-options":"SAMEORIGIN","x-content-type-options":"nosniff","alt-svc":"quic=\":443\"; ma=2592000; v=\"46,43\",h3-Q050=\":443\"; ma=2592000,h3-Q049=\":443\"; ma=2592000,h3-Q048=\":443\"; ma=2592000,h3-Q046=\":443\"; ma=2592000,h3-Q043=\":443\"; ma=2592000,h3-T050=\":443\"; ma=2592000","accept-ranges":"none","transfer-encoding":"chunked"}
[debug] [2020-04-16T07:51:38.809Z] >>> HTTP REQUEST GET https://cloudfunctions.googleapis.com/v1/operations/Z2l0cGV0LTI5N2E1L2FzaWEtbm9ydGhlYXN0MS9naXRIb29rLzNGT0Z5Q2p0M05R  
 
[debug] [2020-04-16T07:51:39.077Z] <<< HTTP RESPONSE 200 {"content-type":"application/json; charset=UTF-8","vary":"X-Origin, Referer, Origin,Accept-Encoding","date":"Thu, 16 Apr 2020 07:51:40 GMT","server":"ESF","cache-control":"private","x-xss-protection":"0","x-frame-options":"SAMEORIGIN","x-content-type-options":"nosniff","alt-svc":"quic=\":443\"; ma=2592000; v=\"46,43\",h3-Q050=\":443\"; ma=2592000,h3-Q049=\":443\"; ma=2592000,h3-Q048=\":443\"; ma=2592000,h3-Q046=\":443\"; ma=2592000,h3-Q043=\":443\"; ma=2592000,h3-T050=\":443\"; ma=2592000","accept-ranges":"none","transfer-encoding":"chunked"}
[debug] [2020-04-16T07:51:41.083Z] >>> HTTP REQUEST GET https://cloudfunctions.googleapis.com/v1/operations/Z2l0cGV0LTI5N2E1L2FzaWEtbm9ydGhlYXN0MS9naXRIb29rLzNGT0Z5Q2p0M05R  
 
[debug] [2020-04-16T07:51:41.309Z] <<< HTTP RESPONSE 200 {"content-type":"application/json; charset=UTF-8","vary":"X-Origin, Referer, Origin,Accept-Encoding","date":"Thu, 16 Apr 2020 07:51:42 GMT","server":"ESF","cache-control":"private","x-xss-protection":"0","x-frame-options":"SAMEORIGIN","x-content-type-options":"nosniff","alt-svc":"quic=\":443\"; ma=2592000; v=\"46,43\",h3-Q050=\":443\"; ma=2592000,h3-Q049=\":443\"; ma=2592000,h3-Q048=\":443\"; ma=2592000,h3-Q046=\":443\"; ma=2592000,h3-Q043=\":443\"; ma=2592000,h3-T050=\":443\"; ma=2592000","accept-ranges":"none","transfer-encoding":"chunked"}
[debug] [2020-04-16T07:51:43.315Z] >>> HTTP REQUEST GET https://cloudfunctions.googleapis.com/v1/operations/Z2l0cGV0LTI5N2E1L2FzaWEtbm9ydGhlYXN0MS9naXRIb29rLzNGT0Z5Q2p0M05R  
 
[debug] [2020-04-16T07:51:43.558Z] <<< HTTP RESPONSE 200 {"content-type":"application/json; charset=UTF-8","vary":"X-Origin, Referer, Origin,Accept-Encoding","date":"Thu, 16 Apr 2020 07:51:44 GMT","server":"ESF","cache-control":"private","x-xss-protection":"0","x-frame-options":"SAMEORIGIN","x-content-type-options":"nosniff","alt-svc":"quic=\":443\"; ma=2592000; v=\"46,43\",h3-Q050=\":443\"; ma=2592000,h3-Q049=\":443\"; ma=2592000,h3-Q048=\":443\"; ma=2592000,h3-Q046=\":443\"; ma=2592000,h3-Q043=\":443\"; ma=2592000,h3-T050=\":443\"; ma=2592000","accept-ranges":"none","transfer-encoding":"chunked"}
[debug] [2020-04-16T07:51:45.560Z] >>> HTTP REQUEST GET https://cloudfunctions.googleapis.com/v1/operations/Z2l0cGV0LTI5N2E1L2FzaWEtbm9ydGhlYXN0MS9naXRIb29rLzNGT0Z5Q2p0M05R  
 
[debug] [2020-04-16T07:51:45.844Z] <<< HTTP RESPONSE 200 {"content-type":"application/json; charset=UTF-8","vary":"X-Origin, Referer, Origin,Accept-Encoding","date":"Thu, 16 Apr 2020 07:51:46 GMT","server":"ESF","cache-control":"private","x-xss-protection":"0","x-frame-options":"SAMEORIGIN","x-content-type-options":"nosniff","alt-svc":"quic=\":443\"; ma=2592000; v=\"46,43\",h3-Q050=\":443\"; ma=2592000,h3-Q049=\":443\"; ma=2592000,h3-Q048=\":443\"; ma=2592000,h3-Q046=\":443\"; ma=2592000,h3-Q043=\":443\"; ma=2592000,h3-T050=\":443\"; ma=2592000","accept-ranges":"none","transfer-encoding":"chunked"}
[debug] [2020-04-16T07:51:47.844Z] >>> HTTP REQUEST GET https://cloudfunctions.googleapis.com/v1/operations/Z2l0cGV0LTI5N2E1L2FzaWEtbm9ydGhlYXN0MS9naXRIb29rLzNGT0Z5Q2p0M05R  
 
[debug] [2020-04-16T07:51:48.077Z] <<< HTTP RESPONSE 200 {"content-type":"application/json; charset=UTF-8","vary":"X-Origin, Referer, Origin,Accept-Encoding","date":"Thu, 16 Apr 2020 07:51:49 GMT","server":"ESF","cache-control":"private","x-xss-protection":"0","x-frame-options":"SAMEORIGIN","x-content-type-options":"nosniff","alt-svc":"quic=\":443\"; ma=2592000; v=\"46,43\",h3-Q050=\":443\"; ma=2592000,h3-Q049=\":443\"; ma=2592000,h3-Q048=\":443\"; ma=2592000,h3-Q046=\":443\"; ma=2592000,h3-Q043=\":443\"; ma=2592000,h3-T050=\":443\"; ma=2592000","accept-ranges":"none","transfer-encoding":"chunked"}
